CRITICAL - 2023-12-18 13:24:52 --> Undefined variable $ofertas
in APPPATH\Views\auth\index.php on line 94.
 1 APPPATH\Views\auth\index.php(94): CodeIgniter\Debug\Exceptions->errorHandler(2, 'Undefined variable $ofertas', 'C:\\wamp64\\www\\new-kallfu\\app\\Views\\auth\\index.php', 94)
 2 SYSTEMPATH\View\View.php(228): include('C:\\wamp64\\www\\new-kallfu\\app\\Views\\auth\\index.php')
 3 SYSTEMPATH\View\View.php(231): CodeIgniter\View\View->CodeIgniter\View\{closure}()
 4 SYSTEMPATH\Common.php(1190): CodeIgniter\View\View->render('auth/index', [], true)
 5 APPPATH\Controllers\Home.php(10): view('auth/index')
 6 SYSTEMPATH\CodeIgniter.php(942): App\Controllers\Home->index()
 7 SYSTEMPATH\CodeIgniter.php(502): CodeIgniter\CodeIgniter->runController(Object(App\Controllers\Home))
 8 SYSTEMPATH\CodeIgniter.php(361): CodeIgniter\CodeIgniter->handleRequest(null, Object(Config\Cache), false)
 9 FCPATH\index.php(79): CodeIgniter\CodeIgniter->run()
CRITICAL - 2023-12-18 14:02:54 --> Undefined property: CodeIgniter\View\View::$session
in APPPATH\Views\auth\index.php on line 20.
 1 APPPATH\Views\auth\index.php(20): CodeIgniter\Debug\Exceptions->errorHandler(2, 'Undefined property: CodeIgniter\\View\\View::$session', 'C:\\wamp64\\www\\new-kallfu\\app\\Views\\auth\\index.php', 20)
 2 SYSTEMPATH\View\View.php(228): include('C:\\wamp64\\www\\new-kallfu\\app\\Views\\auth\\index.php')
 3 SYSTEMPATH\View\View.php(231): CodeIgniter\View\View->CodeIgniter\View\{closure}()
 4 SYSTEMPATH\Common.php(1190): CodeIgniter\View\View->render('auth/index', [], true)
 5 APPPATH\Controllers\Home.php(10): view('auth/index')
 6 SYSTEMPATH\CodeIgniter.php(942): App\Controllers\Home->index()
 7 SYSTEMPATH\CodeIgniter.php(502): CodeIgniter\CodeIgniter->runController(Object(App\Controllers\Home))
 8 SYSTEMPATH\CodeIgniter.php(361): CodeIgniter\CodeIgniter->handleRequest(null, Object(Config\Cache), false)
 9 FCPATH\index.php(79): CodeIgniter\CodeIgniter->run()
CRITICAL - 2023-12-18 14:03:50 --> Undefined property: CodeIgniter\View\View::$session
in APPPATH\Views\auth\index.php on line 20.
 1 APPPATH\Views\auth\index.php(20): CodeIgniter\Debug\Exceptions->errorHandler(2, 'Undefined property: CodeIgniter\\View\\View::$session', 'C:\\wamp64\\www\\new-kallfu\\app\\Views\\auth\\index.php', 20)
 2 SYSTEMPATH\View\View.php(228): include('C:\\wamp64\\www\\new-kallfu\\app\\Views\\auth\\index.php')
 3 SYSTEMPATH\View\View.php(231): CodeIgniter\View\View->CodeIgniter\View\{closure}()
 4 SYSTEMPATH\Common.php(1190): CodeIgniter\View\View->render('auth/index', [], true)
 5 APPPATH\Controllers\Home.php(10): view('auth/index')
 6 SYSTEMPATH\CodeIgniter.php(942): App\Controllers\Home->index()
 7 SYSTEMPATH\CodeIgniter.php(502): CodeIgniter\CodeIgniter->runController(Object(App\Controllers\Home))
 8 SYSTEMPATH\CodeIgniter.php(361): CodeIgniter\CodeIgniter->handleRequest(null, Object(Config\Cache), false)
 9 FCPATH\index.php(79): CodeIgniter\CodeIgniter->run()
CRITICAL - 2023-12-18 14:18:52 --> Call to undefined function App\Controllers\message()
in APPPATH\Controllers\Login.php on line 11.
 1 SYSTEMPATH\CodeIgniter.php(942): App\Controllers\Login->login()
 2 SYSTEMPATH\CodeIgniter.php(502): CodeIgniter\CodeIgniter->runController(Object(App\Controllers\Login))
 3 SYSTEMPATH\CodeIgniter.php(361): CodeIgniter\CodeIgniter->handleRequest(null, Object(Config\Cache), false)
 4 FCPATH\index.php(79): CodeIgniter\CodeIgniter->run()
INFO - 2023-12-18 14:31:48 --> Session: Class initialized using 'CodeIgniter\Session\Handlers\FileHandler' driver.
INFO - 2023-12-18 14:33:22 --> Session: Class initialized using 'CodeIgniter\Session\Handlers\FileHandler' driver.
CRITICAL - 2023-12-18 14:35:13 --> Undefined variable $titulo
in APPPATH\Views\index\categorias.php on line 20.
 1 APPPATH\Views\index\categorias.php(20): CodeIgniter\Debug\Exceptions->errorHandler(2, 'Undefined variable $titulo', 'C:\\wamp64\\www\\new-kallfu\\app\\Views\\index\\categorias.php', 20)
 2 SYSTEMPATH\View\View.php(228): include('C:\\wamp64\\www\\new-kallfu\\app\\Views\\index\\categorias.php')
 3 SYSTEMPATH\View\View.php(231): CodeIgniter\View\View->CodeIgniter\View\{closure}()
 4 SYSTEMPATH\Common.php(1190): CodeIgniter\View\View->render('index/categorias', [], true)
 5 APPPATH\Controllers\Login.php(35): view('index/categorias')
 6 SYSTEMPATH\CodeIgniter.php(942): App\Controllers\Login->login()
 7 SYSTEMPATH\CodeIgniter.php(502): CodeIgniter\CodeIgniter->runController(Object(App\Controllers\Login))
 8 SYSTEMPATH\CodeIgniter.php(361): CodeIgniter\CodeIgniter->handleRequest(null, Object(Config\Cache), false)
 9 FCPATH\index.php(79): CodeIgniter\CodeIgniter->run()
CRITICAL - 2023-12-18 14:36:03 --> Undefined variable $titulo
in APPPATH\Views\index\categorias.php on line 20.
 1 APPPATH\Views\index\categorias.php(20): CodeIgniter\Debug\Exceptions->errorHandler(2, 'Undefined variable $titulo', 'C:\\wamp64\\www\\new-kallfu\\app\\Views\\index\\categorias.php', 20)
 2 SYSTEMPATH\View\View.php(228): include('C:\\wamp64\\www\\new-kallfu\\app\\Views\\index\\categorias.php')
 3 SYSTEMPATH\View\View.php(231): CodeIgniter\View\View->CodeIgniter\View\{closure}()
 4 SYSTEMPATH\Common.php(1190): CodeIgniter\View\View->render('index/categorias', [], true)
 5 APPPATH\Controllers\Login.php(35): view('index/categorias')
 6 SYSTEMPATH\CodeIgniter.php(942): App\Controllers\Login->login()
 7 SYSTEMPATH\CodeIgniter.php(502): CodeIgniter\CodeIgniter->runController(Object(App\Controllers\Login))
 8 SYSTEMPATH\CodeIgniter.php(361): CodeIgniter\CodeIgniter->handleRequest(null, Object(Config\Cache), false)
 9 FCPATH\index.php(79): CodeIgniter\CodeIgniter->run()
CRITICAL - 2023-12-18 14:40:41 --> Array to string conversion
in APPPATH\Controllers\Login.php on line 19.
 1 APPPATH\Controllers\Login.php(19): CodeIgniter\Debug\Exceptions->errorHandler(2, 'Array to string conversion', 'C:\\wamp64\\www\\new-kallfu\\app\\Controllers\\Login.php', 19)
 2 SYSTEMPATH\CodeIgniter.php(942): App\Controllers\Login->login()
 3 SYSTEMPATH\CodeIgniter.php(502): CodeIgniter\CodeIgniter->runController(Object(App\Controllers\Login))
 4 SYSTEMPATH\CodeIgniter.php(361): CodeIgniter\CodeIgniter->handleRequest(null, Object(Config\Cache), false)
 5 FCPATH\index.php(79): CodeIgniter\CodeIgniter->run()
ERROR - 2023-12-18 14:53:29 --> mysqli_sql_exception: Unknown column 'Usuario' in 'where clause' in C:\wamp64\www\new-kallfu\system\Database\MySQLi\Connection.php:306
Stack trace:
#0 C:\wamp64\www\new-kallfu\system\Database\MySQLi\Connection.php(306): mysqli->query('SELECT *\nFROM `...', 0)
#1 C:\wamp64\www\new-kallfu\system\Database\BaseConnection.php(693): CodeIgniter\Database\MySQLi\Connection->execute('SELECT *\nFROM `...')
#2 C:\wamp64\www\new-kallfu\system\Database\BaseConnection.php(607): CodeIgniter\Database\BaseConnection->simpleQuery('SELECT *\nFROM `...')
#3 C:\wamp64\www\new-kallfu\system\Database\BaseBuilder.php(1615): CodeIgniter\Database\BaseConnection->query('SELECT *\nFROM `...', Array, false)
#4 C:\wamp64\www\new-kallfu\app\Models\Usuarios.php(15): CodeIgniter\Database\BaseBuilder->get()
#5 C:\wamp64\www\new-kallfu\app\Controllers\Login.php(17): App\Models\Usuarios->obtenerUsuario(Array)
#6 C:\wamp64\www\new-kallfu\system\CodeIgniter.php(942): App\Controllers\Login->login()
#7 C:\wamp64\www\new-kallfu\system\CodeIgniter.php(502): CodeIgniter\CodeIgniter->runController(Object(App\Controllers\Login))
#8 C:\wamp64\www\new-kallfu\system\CodeIgniter.php(361): CodeIgniter\CodeIgniter->handleRequest(NULL, Object(Config\Cache), false)
#9 C:\wamp64\www\new-kallfu\index.php(79): CodeIgniter\CodeIgniter->run()
#10 {main}
CRITICAL - 2023-12-18 14:53:29 --> Unknown column 'Usuario' in 'where clause'
in SYSTEMPATH\Database\BaseConnection.php on line 647.
 1 SYSTEMPATH\Database\BaseBuilder.php(1615): CodeIgniter\Database\BaseConnection->query('SELECT *
FROM `usuarios`
WHERE `Usuario` = :Usuario:', [...], false)
 2 APPPATH\Models\Usuarios.php(15): CodeIgniter\Database\BaseBuilder->get()
 3 APPPATH\Controllers\Login.php(17): App\Models\Usuarios->obtenerUsuario([...])
 4 SYSTEMPATH\CodeIgniter.php(942): App\Controllers\Login->login()
 5 SYSTEMPATH\CodeIgniter.php(502): CodeIgniter\CodeIgniter->runController(Object(App\Controllers\Login))
 6 SYSTEMPATH\CodeIgniter.php(361): CodeIgniter\CodeIgniter->handleRequest(null, Object(Config\Cache), false)
 7 FCPATH\index.php(79): CodeIgniter\CodeIgniter->run()
CRITICAL - 2023-12-18 14:54:29 --> Undefined variable $usuario
in APPPATH\Controllers\Login.php on line 17.
 1 APPPATH\Controllers\Login.php(17): CodeIgniter\Debug\Exceptions->errorHandler(2, 'Undefined variable $usuario', 'C:\\wamp64\\www\\new-kallfu\\app\\Controllers\\Login.php', 17)
 2 SYSTEMPATH\CodeIgniter.php(942): App\Controllers\Login->login()
 3 SYSTEMPATH\CodeIgniter.php(502): CodeIgniter\CodeIgniter->runController(Object(App\Controllers\Login))
 4 SYSTEMPATH\CodeIgniter.php(361): CodeIgniter\CodeIgniter->handleRequest(null, Object(Config\Cache), false)
 5 FCPATH\index.php(79): CodeIgniter\CodeIgniter->run()
CRITICAL - 2023-12-18 14:55:50 --> Object of class App\Models\Usuarios could not be converted to string
in APPPATH\Controllers\Login.php on line 17.
 1 SYSTEMPATH\CodeIgniter.php(942): App\Controllers\Login->login()
 2 SYSTEMPATH\CodeIgniter.php(502): CodeIgniter\CodeIgniter->runController(Object(App\Controllers\Login))
 3 SYSTEMPATH\CodeIgniter.php(361): CodeIgniter\CodeIgniter->handleRequest(null, Object(Config\Cache), false)
 4 FCPATH\index.php(79): CodeIgniter\CodeIgniter->run()
CRITICAL - 2023-12-18 14:57:28 --> Array to string conversion
in APPPATH\Controllers\Login.php on line 22.
 1 APPPATH\Controllers\Login.php(22): CodeIgniter\Debug\Exceptions->errorHandler(2, 'Array to string conversion', 'C:\\wamp64\\www\\new-kallfu\\app\\Controllers\\Login.php', 22)
 2 SYSTEMPATH\CodeIgniter.php(942): App\Controllers\Login->login()
 3 SYSTEMPATH\CodeIgniter.php(502): CodeIgniter\CodeIgniter->runController(Object(App\Controllers\Login))
 4 SYSTEMPATH\CodeIgniter.php(361): CodeIgniter\CodeIgniter->handleRequest(null, Object(Config\Cache), false)
 5 FCPATH\index.php(79): CodeIgniter\CodeIgniter->run()
CRITICAL - 2023-12-18 14:57:49 --> Undefined variable $titulo
in APPPATH\Views\index\categorias.php on line 20.
 1 APPPATH\Views\index\categorias.php(20): CodeIgniter\Debug\Exceptions->errorHandler(2, 'Undefined variable $titulo', 'C:\\wamp64\\www\\new-kallfu\\app\\Views\\index\\categorias.php', 20)
 2 SYSTEMPATH\View\View.php(228): include('C:\\wamp64\\www\\new-kallfu\\app\\Views\\index\\categorias.php')
 3 SYSTEMPATH\View\View.php(231): CodeIgniter\View\View->CodeIgniter\View\{closure}()
 4 SYSTEMPATH\Common.php(1190): CodeIgniter\View\View->render('index/categorias', [], true)
 5 APPPATH\Controllers\Login.php(41): view('index/categorias')
 6 SYSTEMPATH\CodeIgniter.php(942): App\Controllers\Login->login()
 7 SYSTEMPATH\CodeIgniter.php(502): CodeIgniter\CodeIgniter->runController(Object(App\Controllers\Login))
 8 SYSTEMPATH\CodeIgniter.php(361): CodeIgniter\CodeIgniter->handleRequest(null, Object(Config\Cache), false)
 9 FCPATH\index.php(79): CodeIgniter\CodeIgniter->run()
CRITICAL - 2023-12-18 14:58:26 --> Array to string conversion
in APPPATH\Controllers\Login.php on line 22.
 1 APPPATH\Controllers\Login.php(22): CodeIgniter\Debug\Exceptions->errorHandler(2, 'Array to string conversion', 'C:\\wamp64\\www\\new-kallfu\\app\\Controllers\\Login.php', 22)
 2 SYSTEMPATH\CodeIgniter.php(942): App\Controllers\Login->login()
 3 SYSTEMPATH\CodeIgniter.php(502): CodeIgniter\CodeIgniter->runController(Object(App\Controllers\Login))
 4 SYSTEMPATH\CodeIgniter.php(361): CodeIgniter\CodeIgniter->handleRequest(null, Object(Config\Cache), false)
 5 FCPATH\index.php(79): CodeIgniter\CodeIgniter->run()
CRITICAL - 2023-12-18 15:01:03 --> Undefined constant "App\Controllers\username"
in APPPATH\Controllers\Login.php on line 19.
 1 SYSTEMPATH\CodeIgniter.php(942): App\Controllers\Login->login()
 2 SYSTEMPATH\CodeIgniter.php(502): CodeIgniter\CodeIgniter->runController(Object(App\Controllers\Login))
 3 SYSTEMPATH\CodeIgniter.php(361): CodeIgniter\CodeIgniter->handleRequest(null, Object(Config\Cache), false)
 4 FCPATH\index.php(79): CodeIgniter\CodeIgniter->run()
CRITICAL - 2023-12-18 15:01:20 --> Undefined constant "App\Controllers\id"
in APPPATH\Controllers\Login.php on line 19.
 1 SYSTEMPATH\CodeIgniter.php(942): App\Controllers\Login->login()
 2 SYSTEMPATH\CodeIgniter.php(502): CodeIgniter\CodeIgniter->runController(Object(App\Controllers\Login))
 3 SYSTEMPATH\CodeIgniter.php(361): CodeIgniter\CodeIgniter->handleRequest(null, Object(Config\Cache), false)
 4 FCPATH\index.php(79): CodeIgniter\CodeIgniter->run()
CRITICAL - 2023-12-18 15:01:42 --> Array to string conversion
in APPPATH\Controllers\Login.php on line 19.
 1 APPPATH\Controllers\Login.php(19): CodeIgniter\Debug\Exceptions->errorHandler(2, 'Array to string conversion', 'C:\\wamp64\\www\\new-kallfu\\app\\Controllers\\Login.php', 19)
 2 SYSTEMPATH\CodeIgniter.php(942): App\Controllers\Login->login()
 3 SYSTEMPATH\CodeIgniter.php(502): CodeIgniter\CodeIgniter->runController(Object(App\Controllers\Login))
 4 SYSTEMPATH\CodeIgniter.php(361): CodeIgniter\CodeIgniter->handleRequest(null, Object(Config\Cache), false)
 5 FCPATH\index.php(79): CodeIgniter\CodeIgniter->run()
CRITICAL - 2023-12-18 15:03:31 --> Undefined variable $titulo
in APPPATH\Views\index\categorias.php on line 20.
 1 APPPATH\Views\index\categorias.php(20): CodeIgniter\Debug\Exceptions->errorHandler(2, 'Undefined variable $titulo', 'C:\\wamp64\\www\\new-kallfu\\app\\Views\\index\\categorias.php', 20)
 2 SYSTEMPATH\View\View.php(228): include('C:\\wamp64\\www\\new-kallfu\\app\\Views\\index\\categorias.php')
 3 SYSTEMPATH\View\View.php(231): CodeIgniter\View\View->CodeIgniter\View\{closure}()
 4 SYSTEMPATH\Common.php(1190): CodeIgniter\View\View->render('index/categorias', [], true)
 5 APPPATH\Controllers\Login.php(39): view('index/categorias')
 6 SYSTEMPATH\CodeIgniter.php(942): App\Controllers\Login->login()
 7 SYSTEMPATH\CodeIgniter.php(502): CodeIgniter\CodeIgniter->runController(Object(App\Controllers\Login))
 8 SYSTEMPATH\CodeIgniter.php(361): CodeIgniter\CodeIgniter->handleRequest(null, Object(Config\Cache), false)
 9 FCPATH\index.php(79): CodeIgniter\CodeIgniter->run()
